0 info it worked if it ends with ok
1 verbose cli [ '/usr/bin/node',
1 verbose cli   '/usr/bin/npm',
1 verbose cli   'install',
1 verbose cli   'https://github.com/MangoTools/cordova-plugin-lightSensor',
1 verbose cli   '--production',
1 verbose cli   '--save' ]
2 info using npm@3.10.10
3 info using node@v6.12.0
4 silly loadCurrentTree Starting
5 silly install loadCurrentTree
6 silly install readLocalPackageData
7 silly fetchPackageMetaData https://github.com/MangoTools/cordova-plugin-lightSensor
8 silly fetchOtherPackageData https://github.com/MangoTools/cordova-plugin-lightSensor
9 silly cache add args [ 'https://github.com/MangoTools/cordova-plugin-lightSensor',
9 silly cache add   null ]
10 verbose cache add spec https://github.com/MangoTools/cordova-plugin-lightSensor
11 silly cache add parsed spec Result {
11 silly cache add   raw: 'https://github.com/MangoTools/cordova-plugin-lightSensor',
11 silly cache add   scope: null,
11 silly cache add   escapedName: null,
11 silly cache add   name: null,
11 silly cache add   rawSpec: 'https://github.com/MangoTools/cordova-plugin-lightSensor',
11 silly cache add   spec: 'git+https://github.com/MangoTools/cordova-plugin-lightSensor.git',
11 silly cache add   type: 'hosted',
11 silly cache add   hosted:
11 silly cache add    { type: 'github',
11 silly cache add      ssh: 'git@github.com:MangoTools/cordova-plugin-lightSensor.git',
11 silly cache add      sshUrl: 'git+ssh://git@github.com/MangoTools/cordova-plugin-lightSensor.git',
11 silly cache add      httpsUrl: 'git+https://github.com/MangoTools/cordova-plugin-lightSensor.git',
11 silly cache add      gitUrl: 'git://github.com/MangoTools/cordova-plugin-lightSensor.git',
11 silly cache add      shortcut: 'github:MangoTools/cordova-plugin-lightSensor',
11 silly cache add      directUrl: 'https://raw.githubusercontent.com/MangoTools/cordova-plugin-lightSensor/master/package.json' } }
12 verbose addRemoteGit caching https://github.com/MangoTools/cordova-plugin-lightSensor
13 verbose addRemoteGit git+https://github.com/MangoTools/cordova-plugin-lightSensor.git is a repository hosted by github
14 silly tryClone cloning git+https://github.com/MangoTools/cordova-plugin-lightSensor.git via git+https://github.com/MangoTools/cordova-plugin-lightSensor.git
15 verbose tryClone git-https-github-com-MangoTools-cordova-plugin-lightSensor-git-e3a0c6ca not in flight; caching
16 verbose correctMkdir /home/vzh/.npm/_git-remotes correctMkdir not in flight; initializing
17 info git [ 'config', '--get', 'remote.origin.url' ]
18 silly validateExistingRemote git+https://github.com/MangoTools/cordova-plugin-lightSensor.git remote.origin.url: https://github.com/MangoTools/cordova-plugin-lightSensor.git
19 verbose validateExistingRemote git+https://github.com/MangoTools/cordova-plugin-lightSensor.git is updating existing cached remote /home/vzh/.npm/_git-remotes/git-https-github-com-MangoTools-cordova-plugin-lightSensor-git-e3a0c6ca
20 info git [ 'fetch', '-a', 'origin' ]
21 verbose updateRemote git fetch -a origin (https://github.com/MangoTools/cordova-plugin-lightSensor.git)
22 verbose correctMkdir /home/vzh/.npm/_git-remotes correctMkdir not in flight; initializing
23 verbose setPermissions git+https://github.com/MangoTools/cordova-plugin-lightSensor.git set permissions on /home/vzh/.npm/_git-remotes/git-https-github-com-MangoTools-cordova-plugin-lightSensor-git-e3a0c6ca
24 verbose resolveHead git+https://github.com/MangoTools/cordova-plugin-lightSensor.git original treeish: master
25 info git [ 'rev-list', '-n1', 'master' ]
26 silly resolveHead git+https://github.com/MangoTools/cordova-plugin-lightSensor.git resolved treeish: 7de4a65487691fcd64210c0958602c340ff7cb64
27 verbose resolveHead git+https://github.com/MangoTools/cordova-plugin-lightSensor.git resolved Git URL: git+https://github.com/MangoTools/cordova-plugin-lightSensor.git#7de4a65487691fcd64210c0958602c340ff7cb64
28 silly resolveHead Git working directory: /tmp/npm-11407-40d22674/git-cache-0e6913b9/7de4a65487691fcd64210c0958602c340ff7cb64
29 info git [ 'clone',
29 info git   '/home/vzh/.npm/_git-remotes/git-https-github-com-MangoTools-cordova-plugin-lightSensor-git-e3a0c6ca',
29 info git   '/tmp/npm-11407-40d22674/git-cache-0e6913b9/7de4a65487691fcd64210c0958602c340ff7cb64' ]
30 verbose cloneResolved git+https://github.com/MangoTools/cordova-plugin-lightSensor.git clone Cloning into '/tmp/npm-11407-40d22674/git-cache-0e6913b9/7de4a65487691fcd64210c0958602c340ff7cb64'...
30 verbose cloneResolved done.
31 info git [ 'checkout', '7de4a65487691fcd64210c0958602c340ff7cb64' ]
32 verbose checkoutTreeish git+https://github.com/MangoTools/cordova-plugin-lightSensor.git checkout Note: checking out '7de4a65487691fcd64210c0958602c340ff7cb64'.
32 verbose checkoutTreeish
32 verbose checkoutTreeish You are in 'detached HEAD' state. You can look around, make experimental
32 verbose checkoutTreeish changes and commit them, and you can discard any commits you make in this
32 verbose checkoutTreeish state without impacting any branches by performing another checkout.
32 verbose checkoutTreeish
32 verbose checkoutTreeish If you want to create a new branch to retain commits you create, you may
32 verbose checkoutTreeish do so (now or later) by using -b with the checkout command again. Example:
32 verbose checkoutTreeish
32 verbose checkoutTreeish   git checkout -b <new-branch-name>
32 verbose checkoutTreeish
32 verbose checkoutTreeish HEAD is now at 7de4a65... Update README.md
33 info git [ 'submodule', '-q', 'update', '--init', '--recursive' ]
34 verbose updateSubmodules git+https://github.com/MangoTools/cordova-plugin-lightSensor.git submodule update
35 error addLocal Could not install /tmp/npm-11407-40d22674/git-cache-0e6913b9/7de4a65487691fcd64210c0958602c340ff7cb64
36 silly fetchPackageMetaData Error: EISDIR: illegal operation on a directory, read
36 silly fetchPackageMetaData     at Error (native)
36 silly fetchPackageMetaData  error for https://github.com/MangoTools/cordova-plugin-lightSensor { Error: EISDIR: illegal operation on a directory, read
36 silly fetchPackageMetaData     at Error (native) errno: -21, code: 'EISDIR', syscall: 'read' }
37 silly rollbackFailedOptional Starting
38 silly rollbackFailedOptional Finishing
39 silly runTopLevelLifecycles Finishing
40 silly install printInstalled
41 verbose stack Error: EISDIR: illegal operation on a directory, read
41 verbose stack     at Error (native)
42 verbose cwd /home/vzh/Documents/Workspace_HTML/MobileApp
43 error Linux 4.13.15-200.fc26.x86_64
44 error argv "/usr/bin/node" "/usr/bin/npm" "install" "https://github.com/MangoTools/cordova-plugin-lightSensor" "--production" "--save"
45 error node v6.12.0
46 error npm  v3.10.10
47 error code EISDIR
48 error errno -21
49 error syscall read
50 error eisdir EISDIR: illegal operation on a directory, read
51 error eisdir This is most likely not a problem with npm itself
51 error eisdir and is related to npm not being able to find a package.json in
51 error eisdir a package you are trying to install.
52 verbose exit [ -21, true ]
